C:\VCNET_PROJ\ENC41\DEBUG\ENC41.DLL
C:\vcnet_proj\enc41\Debug\enc41.exp
C:\vcnet_proj\enc41\Debug\enc41.lib
C:\VCNET_PROJ\ENC41\DEBUG\ENC41.PDB
C:\vcnet_proj\enc41\enc41\Debug\cl.command.1.tlog
C:\vcnet_proj\enc41\enc41\Debug\CL.read.1.tlog
C:\vcnet_proj\enc41\enc41\Debug\CL.write.1.tlog
C:\VCNET_PROJ\ENC41\ENC41\DEBUG\DLLMAIN.OBJ
C:\VCNET_PROJ\ENC41\ENC41\DEBUG\ENC41.DLL.INTERMEDIATE.MANIFEST
C:\VCNET_PROJ\ENC41\ENC41\DEBUG\ENC41.OBJ
C:\vcnet_proj\enc41\enc41\Debug\enc41.write.1.tlog
C:\VCNET_PROJ\ENC41\ENC41\DEBUG\EXT42.OBJ
C:\vcnet_proj\enc41\enc41\Debug\link.command.1.tlog
C:\vcnet_proj\enc41\enc41\Debug\link.read.1.tlog
C:\vcnet_proj\enc41\enc41\Debug\link.write.1.tlog
C:\VCNET_PROJ\ENC41\ENC41\DEBUG\MAIN.OBJ
C:\vcnet_proj\enc41\enc41\Debug\mt.command.1.tlog
C:\vcnet_proj\enc41\enc41\Debug\mt.read.1.tlog
C:\vcnet_proj\enc41\enc41\Debug\mt.write.1.tlog
C:\VCNET_PROJ\ENC41\ENC41\DEBUG\PACK-4142.OBJ
C:\VCNET_PROJ\ENC41\ENC41\DEBUG\UNPACK-4142.OBJ
C:\vcnet_proj\enc41\enc41\Debug\vc100.idb
C:\VCNET_PROJ\ENC41\ENC41\DEBUG\VC100.PDB
