Build started 05.06.2014 13:39:01.
     1>Project "C:\vcnet_proj\Release_for_github\cert_decrypt\cert_decrypt\cert_decrypt.vcxproj" on node 2 (rebuild target(s)).
     1>_PrepareForClean:
         Deleting file "Debug\cert_decrypt.lastbuildstate".
       InitializeBuildStatus:
         Creating "Debug\cert_decrypt.unsuccessfulbuild" because "AlwaysCreate" was specified.
       ClCompile:
         c:\Program Files\Microsoft Visual Studio 10.0\VC\bin\CL.exe /c /ZI /nologo /W3 /WX- /Od /Oy- /D WIN32 /D _DEBUG /D _CONSOLE /D _UNICODE /D UNICODE /Gm /EHsc /RTC1 /MTd /GS /fp:precise /Zc:wchar_t /Zc:forScope /Fo"Debug\\" /Fd"Debug\vc100.pdb" /Gd /TC /analyze- /errorReport:prompt ..\ext42.c ..\main.c "..\pack-4142.c" "..\unpack-4142.c"
         unpack-4142.c
         pack-4142.c
         main.c
     1>c:\vcnet_proj\release_for_github\cert_decrypt\main.c(569): warning C4013: 'main_unpack' undefined; assuming extern returning int
         ext42.c
     1>c:\vcnet_proj\release_for_github\cert_decrypt\ext42.c(18): warning C4996: 'sprintf': This function or variable may be unsafe. Consider using sprintf_s instead. To disable deprecation, use _CRT_SECURE_NO_WARNINGS. See online help for details.
                 c:\program files\microsoft visual studio 10.0\vc\include\stdio.h(371) : see declaration of 'sprintf'
     1>c:\vcnet_proj\release_for_github\cert_decrypt\ext42.c(19): warning C4996: 'sprintf': This function or variable may be unsafe. Consider using sprintf_s instead. To disable deprecation, use _CRT_SECURE_NO_WARNINGS. See online help for details.
                 c:\program files\microsoft visual studio 10.0\vc\include\stdio.h(371) : see declaration of 'sprintf'
     1>c:\vcnet_proj\release_for_github\cert_decrypt\ext42.c(60): warning C4996: 'sprintf': This function or variable may be unsafe. Consider using sprintf_s instead. To disable deprecation, use _CRT_SECURE_NO_WARNINGS. See online help for details.
                 c:\program files\microsoft visual studio 10.0\vc\include\stdio.h(371) : see declaration of 'sprintf'
     1>c:\vcnet_proj\release_for_github\cert_decrypt\ext42.c(61): warning C4996: 'sprintf': This function or variable may be unsafe. Consider using sprintf_s instead. To disable deprecation, use _CRT_SECURE_NO_WARNINGS. See online help for details.
                 c:\program files\microsoft visual studio 10.0\vc\include\stdio.h(371) : see declaration of 'sprintf'
     1>c:\vcnet_proj\release_for_github\cert_decrypt\ext42.c(90): warning C4996: 'sprintf': This function or variable may be unsafe. Consider using sprintf_s instead. To disable deprecation, use _CRT_SECURE_NO_WARNINGS. See online help for details.
                 c:\program files\microsoft visual studio 10.0\vc\include\stdio.h(371) : see declaration of 'sprintf'
     1>c:\vcnet_proj\release_for_github\cert_decrypt\ext42.c(170): warning C4013: 'unpack_4142' undefined; assuming extern returning int
         Generating Code...
       Link:
         c:\Program Files\Microsoft Visual Studio 10.0\VC\bin\link.exe /ERRORREPORT:PROMPT /OUT:"C:\vcnet_proj\Release_for_github\cert_decrypt\Debug\cert_decrypt.exe" /INCREMENTAL:NO /NOLOGO ms32.lib ws2_32.lib kernel32.lib user32.lib gdi32.lib winspool.lib comdlg32.lib advapi32.lib shell32.lib ole32.lib oleaut32.lib uuid.lib odbc32.lib odbccp32.lib /NODEFAULTLIB:libc.lib /MANIFEST /ManifestFile:"Debug\cert_decrypt.exe.intermediate.manifest" /MANIFESTUAC:"level='asInvoker' uiAccess='false'" /DEBUG /PDB:"C:\vcnet_proj\Release_for_github\cert_decrypt\Debug\cert_decrypt.pdb" /SUBSYSTEM:CONSOLE /TLBID:1 /DYNAMICBASE /NXCOMPAT /IMPLIB:"C:\vcnet_proj\Release_for_github\cert_decrypt\Debug\cert_decrypt.lib" /MACHINE:X86 Debug\ext42.obj
         Debug\main.obj
         "Debug\pack-4142.obj"
         "Debug\unpack-4142.obj"
     1>ext42.obj : warning LNK4075: ignoring '/EDITANDCONTINUE' due to '/INCREMENTAL:NO' specification
         cert_decrypt.vcxproj -> C:\vcnet_proj\Release_for_github\cert_decrypt\Debug\cert_decrypt.exe
       Manifest:
         c:\Program Files\Microsoft SDKs\Windows\v7.0A\bin\mt.exe /nologo /verbose /outputresource:"C:\vcnet_proj\Release_for_github\cert_decrypt\Debug\cert_decrypt.exe;#1" /manifest Debug\cert_decrypt.exe.intermediate.manifest
       FinalizeBuildStatus:
         Deleting file "Debug\cert_decrypt.unsuccessfulbuild".
         Touching "Debug\cert_decrypt.lastbuildstate".
     1>Done Building Project "C:\vcnet_proj\Release_for_github\cert_decrypt\cert_decrypt\cert_decrypt.vcxproj" (rebuild target(s)).

Build succeeded.

Time Elapsed 00:00:02.18
