Build started 05.06.2014 13:38:59.
     1>Project "C:\vcnet_proj\Release_for_github\cert_decrypt\cert_decrypt\cert_decrypt.vcxproj" on node 2 (rebuild target(s)).
     1>_PrepareForClean:
         Deleting file "Release\cert_decrypt.lastbuildstate".
       InitializeBuildStatus:
         Touching "Release\cert_decrypt.unsuccessfulbuild".
       ClCompile:
         c:\Program Files\Microsoft Visual Studio 10.0\VC\bin\CL.exe /c /Zi /nologo /W3 /WX- /O2 /Oi /Oy- /GL /D WIN32 /D NDEBUG /D _CONSOLE /D _UNICODE /D UNICODE /Gm- /EHsc /MTd /GS /Gy /fp:precise /Zc:wchar_t /Zc:forScope /Fo"Release\\" /Fd"Release\vc100.pdb" /Gd /TC /analyze- /errorReport:prompt ..\ext42.c ..\main.c "..\pack-4142.c" "..\unpack-4142.c"
         ext42.c
     1>..\ext42.c(18): warning C4996: 'sprintf': This function or variable may be unsafe. Consider using sprintf_s instead. To disable deprecation, use _CRT_SECURE_NO_WARNINGS. See online help for details.
                 c:\Program Files\Microsoft Visual Studio 10.0\VC\include\stdio.h(371) : see declaration of 'sprintf'
     1>..\ext42.c(19): warning C4996: 'sprintf': This function or variable may be unsafe. Consider using sprintf_s instead. To disable deprecation, use _CRT_SECURE_NO_WARNINGS. See online help for details.
                 c:\Program Files\Microsoft Visual Studio 10.0\VC\include\stdio.h(371) : see declaration of 'sprintf'
     1>..\ext42.c(60): warning C4996: 'sprintf': This function or variable may be unsafe. Consider using sprintf_s instead. To disable deprecation, use _CRT_SECURE_NO_WARNINGS. See online help for details.
                 c:\Program Files\Microsoft Visual Studio 10.0\VC\include\stdio.h(371) : see declaration of 'sprintf'
     1>..\ext42.c(61): warning C4996: 'sprintf': This function or variable may be unsafe. Consider using sprintf_s instead. To disable deprecation, use _CRT_SECURE_NO_WARNINGS. See online help for details.
                 c:\Program Files\Microsoft Visual Studio 10.0\VC\include\stdio.h(371) : see declaration of 'sprintf'
     1>..\ext42.c(90): warning C4996: 'sprintf': This function or variable may be unsafe. Consider using sprintf_s instead. To disable deprecation, use _CRT_SECURE_NO_WARNINGS. See online help for details.
                 c:\Program Files\Microsoft Visual Studio 10.0\VC\include\stdio.h(371) : see declaration of 'sprintf'
     1>..\ext42.c(170): warning C4013: 'unpack_4142' undefined; assuming extern returning int
         main.c
     1>..\main.c(569): warning C4013: 'main_unpack' undefined; assuming extern returning int
         pack-4142.c
         unpack-4142.c
       Link:
         c:\Program Files\Microsoft Visual Studio 10.0\VC\bin\link.exe /ERRORREPORT:PROMPT /OUT:"C:\vcnet_proj\Release_for_github\cert_decrypt\Release\cert_decrypt.exe" /INCREMENTAL:NO /NOLOGO ms32.lib ws2_32.lib kernel32.lib user32.lib gdi32.lib winspool.lib comdlg32.lib advapi32.lib shell32.lib ole32.lib oleaut32.lib uuid.lib odbc32.lib odbccp32.lib kernel32.lib user32.lib gdi32.lib winspool.lib comdlg32.lib advapi32.lib shell32.lib ole32.lib oleaut32.lib uuid.lib odbc32.lib odbccp32.lib /NODEFAULTLIB:libc.lib /MANIFEST /ManifestFile:"Release\cert_decrypt.exe.intermediate.manifest" /MANIFESTUAC:"level='asInvoker' uiAccess='false'" /DEBUG /PDB:"C:\vcnet_proj\Release_for_github\cert_decrypt\Release\cert_decrypt.pdb" /SUBSYSTEM:CONSOLE /OPT:REF /OPT:ICF /LTCG /TLBID:1 /DYNAMICBASE /NXCOMPAT /IMPLIB:"C:\vcnet_proj\Release_for_github\cert_decrypt\Release\cert_decrypt.lib" /MACHINE:X86 Release\ext42.obj
         Release\main.obj
         "Release\pack-4142.obj"
         "Release\unpack-4142.obj"
         Generating code
         Finished generating code
         cert_decrypt.vcxproj -> C:\vcnet_proj\Release_for_github\cert_decrypt\Release\cert_decrypt.exe
       Manifest:
         c:\Program Files\Microsoft SDKs\Windows\v7.0A\bin\mt.exe /nologo /verbose /outputresource:"C:\vcnet_proj\Release_for_github\cert_decrypt\Release\cert_decrypt.exe;#1" /manifest Release\cert_decrypt.exe.intermediate.manifest
       FinalizeBuildStatus:
         Deleting file "Release\cert_decrypt.unsuccessfulbuild".
         Touching "Release\cert_decrypt.lastbuildstate".
     1>Done Building Project "C:\vcnet_proj\Release_for_github\cert_decrypt\cert_decrypt\cert_decrypt.vcxproj" (rebuild target(s)).

Build succeeded.

Time Elapsed 00:00:02.37
